# JRE version: OpenJDK Runtime Environment (11.0.13) (build 11.0.13+0-b1751.21-8125866)
# Java VM: OpenJDK 64-Bit Server VM (11.0.13+0-b1751.21-8125866, mixed mode, tiered, compressed oops, g1 gc, windows-amd64)
Heap:
 garbage-first heap   total 131072K, used 57344K [0x0000000081200000, 0x0000000100000000)
  region size 1024K, 35 young (35840K), 8 survivors (8192K)
 Metaspace       used 49284K, capacity 49793K, committed 49872K, reserved 1093632K
  class space    used 5772K, capacity 6002K, committed 6016K, reserved 1048576K
GC Heap History (10 events):
Event: 0.905 GC heap before
{Heap before GC invocations=0 (full 0):
 garbage-first heap   total 131072K, used 17408K [0x0000000081200000, 0x0000000100000000)
  region size 1024K, 14 young (14336K), 0 survivors (0K)
 Metaspace       used 9695K, capacity 9778K, committed 9856K, reserved 1058816K
  class space    used 813K, capacity 853K, committed 896K, reserved 1048576K
}
Event: 0.910 GC heap after
{Heap after GC invocations=1 (full 0):
 garbage-first heap   total 131072K, used 5381K [0x0000000081200000, 0x0000000100000000)
  region size 1024K, 2 young (2048K), 2 survivors (2048K)
 Metaspace       used 9695K, capacity 9778K, committed 9856K, reserved 1058816K
  class space    used 813K, capacity 853K, committed 896K, reserved 1048576K
}
Event: 2.608 GC heap before
{Heap before GC invocations=1 (full 0):
 garbage-first heap   total 131072K, used 53509K [0x0000000081200000, 0x0000000100000000)
  region size 1024K, 50 young (51200K), 2 survivors (2048K)
 Metaspace       used 20928K, capacity 21178K, committed 21296K, reserved 1069056K
  class space    used 2256K, capacity 2379K, committed 2432K, reserved 1048576K
}
Event: 2.623 GC heap after
{Heap after GC invocations=2 (full 0):
 garbage-first heap   total 131072K, used 9331K [0x0000000081200000, 0x0000000100000000)
  region size 1024K, 6 young (6144K), 6 survivors (6144K)
 Metaspace       used 20928K, capacity 21178K, committed 21296K, reserved 1069056K
  class space    used 2256K, capacity 2379K, committed 2432K, reserved 1048576K
}
Event: 4.483 GC heap before
{Heap before GC invocations=3 (full 0):
 garbage-first heap   total 131072K, used 62579K [0x0000000081200000, 0x0000000100000000)
  region size 1024K, 53 young (54272K), 6 survivors (6144K)
 Metaspace       used 31703K, capacity 32201K, committed 32560K, reserved 1077248K
  class space    used 3747K, capacity 3941K, committed 3968K, reserved 1048576K
}
Event: 4.508 GC heap after
{Heap after GC invocations=4 (full 0):
 garbage-first heap   total 131072K, used 20965K [0x0000000081200000, 0x0000000100000000)
  region size 1024K, 7 young (7168K), 7 survivors (7168K)
 Metaspace       used 31703K, capacity 32201K, committed 32560K, reserved 1077248K
  class space    used 3747K, capacity 3941K, committed 3968K, reserved 1048576K
}
Event: 5.165 GC heap before
{Heap before GC invocations=4 (full 0):
 garbage-first heap   total 131072K, used 39397K [0x0000000081200000, 0x0000000100000000)
  region size 1024K, 27 young (27648K), 7 survivors (7168K)
 Metaspace       used 35219K, capacity 35666K, committed 35920K, reserved 1081344K
  class space    used 4346K, capacity 4519K, committed 4608K, reserved 1048576K
}
Event: 5.188 GC heap after
{Heap after GC invocations=5 (full 0):
 garbage-first heap   total 131072K, used 23121K [0x0000000081200000, 0x0000000100000000)
  region size 1024K, 3 young (3072K), 3 survivors (3072K)
 Metaspace       used 35219K, capacity 35666K, committed 35920K, reserved 1081344K
  class space    used 4346K, capacity 4519K, committed 4608K, reserved 1048576K
}
Event: 7.285 GC heap before
{Heap before GC invocations=6 (full 0):
 garbage-first heap   total 131072K, used 80465K [0x0000000081200000, 0x0000000100000000)
  region size 1024K, 59 young (60416K), 3 survivors (3072K)
 Metaspace       used 44911K, capacity 45464K, committed 45776K, reserved 1089536K
  class space    used 5256K, capacity 5474K, committed 5504K, reserved 1048576K
}
Event: 7.317 GC heap after
{Heap after GC invocations=7 (full 0):
 garbage-first heap   total 131072K, used 28672K [0x0000000081200000, 0x0000000100000000)
  region size 1024K, 8 young (8192K), 8 survivors (8192K)
 Metaspace       used 44911K, capacity 45464K, committed 45776K, reserved 1089536K
  class space    used 5256K, capacity 5474K, committed 5504K, reserved 1048576K
}

