# JRE version: OpenJDK Runtime Environment (11.0.13) (build 11.0.13+0-b1751.21-8125866)
# Java VM: OpenJDK 64-Bit Server VM (11.0.13+0-b1751.21-8125866, mixed mode, tiered, compressed oops, g1 gc, windows-amd64)
Heap:
 garbage-first heap   total 157696K, used 27648K [0x0000000081200000, 0x0000000100000000)
  region size 1024K, 7 young (7168K), 7 survivors (7168K)
 Metaspace       used 44886K, capacity 45393K, committed 45520K, reserved 1089536K
  class space    used 5254K, capacity 5472K, committed 5504K, reserved 1048576K
GC Heap History (9 events):
Event: 0.857 GC heap before
{Heap before GC invocations=0 (full 0):
 garbage-first heap   total 131072K, used 17408K [0x0000000081200000, 0x0000000100000000)
  region size 1024K, 14 young (14336K), 0 survivors (0K)
 Metaspace       used 9686K, capacity 9778K, committed 9856K, reserved 1058816K
  class space    used 813K, capacity 853K, committed 896K, reserved 1048576K
}
Event: 0.862 GC heap after
{Heap after GC invocations=1 (full 0):
 garbage-first heap   total 131072K, used 5319K [0x0000000081200000, 0x0000000100000000)
  region size 1024K, 2 young (2048K), 2 survivors (2048K)
 Metaspace       used 9686K, capacity 9778K, committed 9856K, reserved 1058816K
  class space    used 813K, capacity 853K, committed 896K, reserved 1048576K
}
Event: 3.018 GC heap before
{Heap before GC invocations=1 (full 0):
 garbage-first heap   total 131072K, used 53447K [0x0000000081200000, 0x0000000100000000)
  region size 1024K, 50 young (51200K), 2 survivors (2048K)
 Metaspace       used 20887K, capacity 21178K, committed 21296K, reserved 1069056K
  class space    used 2248K, capacity 2379K, committed 2432K, reserved 1048576K
}
Event: 3.033 GC heap after
{Heap after GC invocations=2 (full 0):
 garbage-first heap   total 131072K, used 9298K [0x0000000081200000, 0x0000000100000000)
  region size 1024K, 6 young (6144K), 6 survivors (6144K)
 Metaspace       used 20887K, capacity 21178K, committed 21296K, reserved 1069056K
  class space    used 2248K, capacity 2379K, committed 2432K, reserved 1048576K
}
Event: 6.988 GC heap before
{Heap before GC invocations=3 (full 0):
 garbage-first heap   total 131072K, used 63570K [0x0000000081200000, 0x0000000100000000)
  region size 1024K, 54 young (55296K), 6 survivors (6144K)
 Metaspace       used 31754K, capacity 32265K, committed 32560K, reserved 1077248K
  class space    used 3747K, capacity 3941K, committed 3968K, reserved 1048576K
}
Event: 7.017 GC heap after
{Heap after GC invocations=4 (full 0):
 garbage-first heap   total 131072K, used 21089K [0x0000000081200000, 0x0000000100000000)
  region size 1024K, 7 young (7168K), 7 survivors (7168K)
 Metaspace       used 31754K, capacity 32265K, committed 32560K, reserved 1077248K
  class space    used 3747K, capacity 3941K, committed 3968K, reserved 1048576K
}
Event: 7.787 GC heap before
{Heap before GC invocations=4 (full 0):
 garbage-first heap   total 131072K, used 38497K [0x0000000081200000, 0x0000000100000000)
  region size 1024K, 25 young (25600K), 7 survivors (7168K)
 Metaspace       used 35185K, capacity 35666K, committed 35920K, reserved 1081344K
  class space    used 4334K, capacity 4519K, committed 4608K, reserved 1048576K
}
Event: 7.809 GC heap after
{Heap after GC invocations=5 (full 0):
 garbage-first heap   total 131072K, used 23603K [0x0000000081200000, 0x0000000100000000)
  region size 1024K, 3 young (3072K), 3 survivors (3072K)
 Metaspace       used 35185K, capacity 35666K, committed 35920K, reserved 1081344K
  class space    used 4334K, capacity 4519K, committed 4608K, reserved 1048576K
}
Event: 9.922 GC heap before
{Heap before GC invocations=6 (full 0):
 garbage-first heap   total 131072K, used 77875K [0x0000000081200000, 0x0000000100000000)
  region size 1024K, 56 young (57344K), 3 survivors (3072K)
 Metaspace       used 44886K, capacity 45393K, committed 45520K, reserved 1089536K
  class space    used 5254K, capacity 5472K, committed 5504K, reserved 1048576K
}

