# JRE version: OpenJDK Runtime Environment (11.0.13) (build 11.0.13+0-b1751.21-8125866)
# Java VM: OpenJDK 64-Bit Server VM (11.0.13+0-b1751.21-8125866, mixed mode, tiered, compressed oops, g1 gc, windows-amd64)
Heap:
 garbage-first heap   total 157696K, used 25745K [0x0000000081200000, 0x0000000100000000)
  region size 1024K, 7 young (7168K), 7 survivors (7168K)
 Metaspace       used 43910K, capacity 44387K, committed 44752K, reserved 1089536K
  class space    used 5195K, capacity 5398K, committed 5504K, reserved 1048576K
GC Heap History (9 events):
Event: 0.845 GC heap before
{Heap before GC invocations=0 (full 0):
 garbage-first heap   total 131072K, used 17408K [0x0000000081200000, 0x0000000100000000)
  region size 1024K, 14 young (14336K), 0 survivors (0K)
 Metaspace       used 9695K, capacity 9778K, committed 9856K, reserved 1058816K
  class space    used 813K, capacity 853K, committed 896K, reserved 1048576K
}
Event: 0.855 GC heap after
{Heap after GC invocations=1 (full 0):
 garbage-first heap   total 131072K, used 5209K [0x0000000081200000, 0x0000000100000000)
  region size 1024K, 2 young (2048K), 2 survivors (2048K)
 Metaspace       used 9695K, capacity 9778K, committed 9856K, reserved 1058816K
  class space    used 813K, capacity 853K, committed 896K, reserved 1048576K
}
Event: 2.913 GC heap before
{Heap before GC invocations=1 (full 0):
 garbage-first heap   total 131072K, used 53337K [0x0000000081200000, 0x0000000100000000)
  region size 1024K, 50 young (51200K), 2 survivors (2048K)
 Metaspace       used 20875K, capacity 21146K, committed 21296K, reserved 1069056K
  class space    used 2238K, capacity 2347K, committed 2432K, reserved 1048576K
}
Event: 2.932 GC heap after
{Heap after GC invocations=2 (full 0):
 garbage-first heap   total 131072K, used 9289K [0x0000000081200000, 0x0000000100000000)
  region size 1024K, 6 young (6144K), 6 survivors (6144K)
 Metaspace       used 20875K, capacity 21146K, committed 21296K, reserved 1069056K
  class space    used 2238K, capacity 2347K, committed 2432K, reserved 1048576K
}
Event: 6.738 GC heap before
{Heap before GC invocations=3 (full 0):
 garbage-first heap   total 131072K, used 64585K [0x0000000081200000, 0x0000000100000000)
  region size 1024K, 55 young (56320K), 6 survivors (6144K)
 Metaspace       used 31782K, capacity 32329K, committed 32560K, reserved 1077248K
  class space    used 3746K, capacity 3941K, committed 3968K, reserved 1048576K
}
Event: 6.769 GC heap after
{Heap after GC invocations=4 (full 0):
 garbage-first heap   total 131072K, used 21621K [0x0000000081200000, 0x0000000100000000)
  region size 1024K, 7 young (7168K), 7 survivors (7168K)
 Metaspace       used 31782K, capacity 32329K, committed 32560K, reserved 1077248K
  class space    used 3746K, capacity 3941K, committed 3968K, reserved 1048576K
}
Event: 7.500 GC heap before
{Heap before GC invocations=4 (full 0):
 garbage-first heap   total 131072K, used 36981K [0x0000000081200000, 0x0000000100000000)
  region size 1024K, 24 young (24576K), 7 survivors (7168K)
 Metaspace       used 35208K, capacity 35666K, committed 35920K, reserved 1081344K
  class space    used 4333K, capacity 4519K, committed 4608K, reserved 1048576K
}
Event: 7.518 GC heap after
{Heap after GC invocations=5 (full 0):
 garbage-first heap   total 131072K, used 23887K [0x0000000081200000, 0x0000000100000000)
  region size 1024K, 3 young (3072K), 3 survivors (3072K)
 Metaspace       used 35208K, capacity 35666K, committed 35920K, reserved 1081344K
  class space    used 4333K, capacity 4519K, committed 4608K, reserved 1048576K
}
Event: 8.960 GC heap before
{Heap before GC invocations=6 (full 0):
 garbage-first heap   total 131072K, used 72015K [0x0000000081200000, 0x0000000100000000)
  region size 1024K, 50 young (51200K), 3 survivors (3072K)
 Metaspace       used 43910K, capacity 44387K, committed 44752K, reserved 1089536K
  class space    used 5195K, capacity 5398K, committed 5504K, reserved 1048576K
}

